<?xml version="1.0" encoding="UTF-8"?>
<testsuite xmlns:xsi="http://www.w3.org/2001/XMLSchema-instance" xsi:noNamespaceSchemaLocation="https://maven.apache.org/surefire/maven-surefire-plugin/xsd/surefire-test-report.xsd" name="TestSuite" time="5.918" tests="6" errors="0" skipped="0" failures="6">
  <properties>
    <property name="java.specification.version" value="13"/>
    <property name="extent.reporter.html.config" value="src/test/resources/config/html-config.xml"/>
    <property name="sun.jnu.encoding" value="UTF-8"/>
    <property name="java.class.path" value="/Users/melaniediannemanso/IdeaProjects/GoReact/target/test-classes:/Users/melaniediannemanso/IdeaProjects/GoReact/target/classes:/Users/melaniediannemanso/.m2/repository/org/seleniumhq/selenium/selenium-java/3.141.59/selenium-java-3.141.59.jar:/Users/melaniediannemanso/.m2/repository/org/seleniumhq/selenium/selenium-api/3.141.59/selenium-api-3.141.59.jar:/Users/melaniediannemanso/.m2/repository/org/seleniumhq/selenium/selenium-chrome-driver/3.141.59/selenium-chrome-driver-3.141.59.jar:/Users/melaniediannemanso/.m2/repository/org/seleniumhq/selenium/selenium-edge-driver/3.141.59/selenium-edge-driver-3.141.59.jar:/Users/melaniediannemanso/.m2/repository/org/seleniumhq/selenium/selenium-firefox-driver/3.141.59/selenium-firefox-driver-3.141.59.jar:/Users/melaniediannemanso/.m2/repository/org/seleniumhq/selenium/selenium-ie-driver/3.141.59/selenium-ie-driver-3.141.59.jar:/Users/melaniediannemanso/.m2/repository/org/seleniumhq/selenium/selenium-opera-driver/3.141.59/selenium-opera-driver-3.141.59.jar:/Users/melaniediannemanso/.m2/repository/org/seleniumhq/selenium/selenium-remote-driver/3.141.59/selenium-remote-driver-3.141.59.jar:/Users/melaniediannemanso/.m2/repository/org/seleniumhq/selenium/selenium-safari-driver/3.141.59/selenium-safari-driver-3.141.59.jar:/Users/melaniediannemanso/.m2/repository/org/seleniumhq/selenium/selenium-support/3.141.59/selenium-support-3.141.59.jar:/Users/melaniediannemanso/.m2/repository/net/bytebuddy/byte-buddy/1.8.15/byte-buddy-1.8.15.jar:/Users/melaniediannemanso/.m2/repository/org/apache/commons/commons-exec/1.3/commons-exec-1.3.jar:/Users/melaniediannemanso/.m2/repository/com/squareup/okhttp3/okhttp/3.11.0/okhttp-3.11.0.jar:/Users/melaniediannemanso/.m2/repository/com/squareup/okio/okio/1.14.0/okio-1.14.0.jar:/Users/melaniediannemanso/.m2/repository/io/cucumber/cucumber-java/4.8.0/cucumber-java-4.8.0.jar:/Users/melaniediannemanso/.m2/repository/io/cucumber/cucumber-core/4.8.0/cucumber-core-4.8.0.jar:/Users/melaniediannemanso/.m2/repository/io/cucumber/gherkin/5.1.0/gherkin-5.1.0.jar:/Users/melaniediannemanso/.m2/repository/io/cucumber/tag-expressions/1.1.1/tag-expressions-1.1.1.jar:/Users/melaniediannemanso/.m2/repository/io/cucumber/cucumber-expressions/7.0.2/cucumber-expressions-7.0.2.jar:/Users/melaniediannemanso/.m2/repository/io/cucumber/datatable/1.1.14/datatable-1.1.14.jar:/Users/melaniediannemanso/.m2/repository/io/cucumber/datatable-dependencies/1.1.14/datatable-dependencies-1.1.14.jar:/Users/melaniediannemanso/.m2/repository/org/apiguardian/apiguardian-api/1.1.0/apiguardian-api-1.1.0.jar:/Users/melaniediannemanso/.m2/repository/io/cucumber/cucumber-testng/4.8.0/cucumber-testng-4.8.0.jar:/Users/melaniediannemanso/.m2/repository/net/masterthought/cucumber-reporting/3.8.0/cucumber-reporting-3.8.0.jar:/Users/melaniediannemanso/.m2/repository/com/fasterxml/jackson/core/jackson-databind/2.8.5/jackson-databind-2.8.5.jar:/Users/melaniediannemanso/.m2/repository/com/fasterxml/jackson/core/jackson-annotations/2.8.0/jackson-annotations-2.8.0.jar:/Users/melaniediannemanso/.m2/repository/com/fasterxml/jackson/core/jackson-core/2.8.5/jackson-core-2.8.5.jar:/Users/melaniediannemanso/.m2/repository/org/apache/velocity/velocity/1.7/velocity-1.7.jar:/Users/melaniediannemanso/.m2/repository/commons-collections/commons-collections/3.2.1/commons-collections-3.2.1.jar:/Users/melaniediannemanso/.m2/repository/commons-lang/commons-lang/2.4/commons-lang-2.4.jar:/Users/melaniediannemanso/.m2/repository/velocity-tools/velocity-tools/1.4/velocity-tools-1.4.jar:/Users/melaniediannemanso/.m2/repository/joda-time/joda-time/2.9.6/joda-time-2.9.6.jar:/Users/melaniediannemanso/.m2/repository/org/apache/commons/commons-lang3/3.5/commons-lang3-3.5.jar:/Users/melaniediannemanso/.m2/repository/commons-io/commons-io/2.5/commons-io-2.5.jar:/Users/melaniediannemanso/.m2/repository/net/lingala/zip4j/zip4j/1.3.2/zip4j-1.3.2.jar:/Users/melaniediannemanso/.m2/repository/org/codehaus/plexus/plexus-utils/3.0.24/plexus-utils-3.0.24.jar:/Users/melaniediannemanso/.m2/repository/org/jsoup/jsoup/1.10.1/jsoup-1.10.1.jar:/Users/melaniediannemanso/.m2/repository/com/googlecode/owasp-java-html-sanitizer/owasp-java-html-sanitizer/20160924.1/owasp-java-html-sanitizer-20160924.1.jar:/Users/melaniediannemanso/.m2/repository/org/testng/testng/7.1.0/testng-7.1.0.jar:/Users/melaniediannemanso/.m2/repository/com/beust/jcommander/1.72/jcommander-1.72.jar:/Users/melaniediannemanso/.m2/repository/com/google/inject/guice/4.1.0/guice-4.1.0-no_aop.jar:/Users/melaniediannemanso/.m2/repository/javax/inject/javax.inject/1/javax.inject-1.jar:/Users/melaniediannemanso/.m2/repository/aopalliance/aopalliance/1.0/aopalliance-1.0.jar:/Users/melaniediannemanso/.m2/repository/org/yaml/snakeyaml/1.21/snakeyaml-1.21.jar:/Users/melaniediannemanso/.m2/repository/io/github/bonigarcia/webdrivermanager/4.2.2/webdrivermanager-4.2.2.jar:/Users/melaniediannemanso/.m2/repository/org/slf4j/slf4j-api/1.7.30/slf4j-api-1.7.30.jar:/Users/melaniediannemanso/.m2/repository/org/apache/httpcomponents/client5/httpclient5/5.0.1/httpclient5-5.0.1.jar:/Users/melaniediannemanso/.m2/repository/org/apache/httpcomponents/core5/httpcore5/5.0.1/httpcore5-5.0.1.jar:/Users/melaniediannemanso/.m2/repository/org/apache/httpcomponents/core5/httpcore5-h2/5.0.1/httpcore5-h2-5.0.1.jar:/Users/melaniediannemanso/.m2/repository/commons-codec/commons-codec/1.13/commons-codec-1.13.jar:/Users/melaniediannemanso/.m2/repository/org/rauschig/jarchivelib/1.1.0/jarchivelib-1.1.0.jar:/Users/melaniediannemanso/.m2/repository/org/apache/commons/commons-compress/1.20/commons-compress-1.20.jar:/Users/melaniediannemanso/.m2/repository/com/google/guava/guava/25.0-jre/guava-25.0-jre.jar:/Users/melaniediannemanso/.m2/repository/com/google/code/findbugs/jsr305/1.3.9/jsr305-1.3.9.jar:/Users/melaniediannemanso/.m2/repository/org/checkerframework/checker-compat-qual/2.0.0/checker-compat-qual-2.0.0.jar:/Users/melaniediannemanso/.m2/repository/com/google/errorprone/error_prone_annotations/2.1.3/error_prone_annotations-2.1.3.jar:/Users/melaniediannemanso/.m2/repository/com/google/j2objc/j2objc-annotations/1.1/j2objc-annotations-1.1.jar:/Users/melaniediannemanso/.m2/repository/org/codehaus/mojo/animal-sniffer-annotations/1.14/animal-sniffer-annotations-1.14.jar:/Users/melaniediannemanso/.m2/repository/com/google/code/gson/gson/2.8.6/gson-2.8.6.jar:/Users/melaniediannemanso/.m2/repository/org/apache/logging/log4j/log4j-core/2.6/log4j-core-2.6.jar:/Users/melaniediannemanso/.m2/repository/org/apache/logging/log4j/log4j-api/2.6/log4j-api-2.6.jar:"/>
    <property name="java.vm.vendor" value="Oracle Corporation"/>
    <property name="sun.arch.data.model" value="64"/>
    <property name="screenshot.dir" value="screenshots/"/>
    <property name="java.vendor.url" value="https://java.oracle.com/"/>
    <property name="os.name" value="Mac OS X"/>
    <property name="java.vm.specification.version" value="13"/>
    <property name="sun.java.launcher" value="SUN_STANDARD"/>
    <property name="user.country" value="PH"/>
    <property name="sun.boot.library.path" value="/Library/Java/JavaVirtualMachines/jdk-13.0.1.jdk/Contents/Home/lib"/>
    <property name="sun.java.command" value="/Users/melaniediannemanso/IdeaProjects/GoReact/target/surefire/surefirebooter12232057961022485658.jar /Users/melaniediannemanso/IdeaProjects/GoReact/target/surefire 2020-10-12T04-21-12_196-jvmRun1 surefire1134414196854927732tmp surefire_03389322252461199707tmp"/>
    <property name="http.nonProxyHosts" value="local|*.local|169.254/16|*.169.254/16"/>
    <property name="jdk.debug" value="release"/>
    <property name="surefire.test.class.path" value="/Users/melaniediannemanso/IdeaProjects/GoReact/target/test-classes:/Users/melaniediannemanso/IdeaProjects/GoReact/target/classes:/Users/melaniediannemanso/.m2/repository/org/seleniumhq/selenium/selenium-java/3.141.59/selenium-java-3.141.59.jar:/Users/melaniediannemanso/.m2/repository/org/seleniumhq/selenium/selenium-api/3.141.59/selenium-api-3.141.59.jar:/Users/melaniediannemanso/.m2/repository/org/seleniumhq/selenium/selenium-chrome-driver/3.141.59/selenium-chrome-driver-3.141.59.jar:/Users/melaniediannemanso/.m2/repository/org/seleniumhq/selenium/selenium-edge-driver/3.141.59/selenium-edge-driver-3.141.59.jar:/Users/melaniediannemanso/.m2/repository/org/seleniumhq/selenium/selenium-firefox-driver/3.141.59/selenium-firefox-driver-3.141.59.jar:/Users/melaniediannemanso/.m2/repository/org/seleniumhq/selenium/selenium-ie-driver/3.141.59/selenium-ie-driver-3.141.59.jar:/Users/melaniediannemanso/.m2/repository/org/seleniumhq/selenium/selenium-opera-driver/3.141.59/selenium-opera-driver-3.141.59.jar:/Users/melaniediannemanso/.m2/repository/org/seleniumhq/selenium/selenium-remote-driver/3.141.59/selenium-remote-driver-3.141.59.jar:/Users/melaniediannemanso/.m2/repository/org/seleniumhq/selenium/selenium-safari-driver/3.141.59/selenium-safari-driver-3.141.59.jar:/Users/melaniediannemanso/.m2/repository/org/seleniumhq/selenium/selenium-support/3.141.59/selenium-support-3.141.59.jar:/Users/melaniediannemanso/.m2/repository/net/bytebuddy/byte-buddy/1.8.15/byte-buddy-1.8.15.jar:/Users/melaniediannemanso/.m2/repository/org/apache/commons/commons-exec/1.3/commons-exec-1.3.jar:/Users/melaniediannemanso/.m2/repository/com/squareup/okhttp3/okhttp/3.11.0/okhttp-3.11.0.jar:/Users/melaniediannemanso/.m2/repository/com/squareup/okio/okio/1.14.0/okio-1.14.0.jar:/Users/melaniediannemanso/.m2/repository/io/cucumber/cucumber-java/4.8.0/cucumber-java-4.8.0.jar:/Users/melaniediannemanso/.m2/repository/io/cucumber/cucumber-core/4.8.0/cucumber-core-4.8.0.jar:/Users/melaniediannemanso/.m2/repository/io/cucumber/gherkin/5.1.0/gherkin-5.1.0.jar:/Users/melaniediannemanso/.m2/repository/io/cucumber/tag-expressions/1.1.1/tag-expressions-1.1.1.jar:/Users/melaniediannemanso/.m2/repository/io/cucumber/cucumber-expressions/7.0.2/cucumber-expressions-7.0.2.jar:/Users/melaniediannemanso/.m2/repository/io/cucumber/datatable/1.1.14/datatable-1.1.14.jar:/Users/melaniediannemanso/.m2/repository/io/cucumber/datatable-dependencies/1.1.14/datatable-dependencies-1.1.14.jar:/Users/melaniediannemanso/.m2/repository/org/apiguardian/apiguardian-api/1.1.0/apiguardian-api-1.1.0.jar:/Users/melaniediannemanso/.m2/repository/io/cucumber/cucumber-testng/4.8.0/cucumber-testng-4.8.0.jar:/Users/melaniediannemanso/.m2/repository/net/masterthought/cucumber-reporting/3.8.0/cucumber-reporting-3.8.0.jar:/Users/melaniediannemanso/.m2/repository/com/fasterxml/jackson/core/jackson-databind/2.8.5/jackson-databind-2.8.5.jar:/Users/melaniediannemanso/.m2/repository/com/fasterxml/jackson/core/jackson-annotations/2.8.0/jackson-annotations-2.8.0.jar:/Users/melaniediannemanso/.m2/repository/com/fasterxml/jackson/core/jackson-core/2.8.5/jackson-core-2.8.5.jar:/Users/melaniediannemanso/.m2/repository/org/apache/velocity/velocity/1.7/velocity-1.7.jar:/Users/melaniediannemanso/.m2/repository/commons-collections/commons-collections/3.2.1/commons-collections-3.2.1.jar:/Users/melaniediannemanso/.m2/repository/commons-lang/commons-lang/2.4/commons-lang-2.4.jar:/Users/melaniediannemanso/.m2/repository/velocity-tools/velocity-tools/1.4/velocity-tools-1.4.jar:/Users/melaniediannemanso/.m2/repository/joda-time/joda-time/2.9.6/joda-time-2.9.6.jar:/Users/melaniediannemanso/.m2/repository/org/apache/commons/commons-lang3/3.5/commons-lang3-3.5.jar:/Users/melaniediannemanso/.m2/repository/commons-io/commons-io/2.5/commons-io-2.5.jar:/Users/melaniediannemanso/.m2/repository/net/lingala/zip4j/zip4j/1.3.2/zip4j-1.3.2.jar:/Users/melaniediannemanso/.m2/repository/org/codehaus/plexus/plexus-utils/3.0.24/plexus-utils-3.0.24.jar:/Users/melaniediannemanso/.m2/repository/org/jsoup/jsoup/1.10.1/jsoup-1.10.1.jar:/Users/melaniediannemanso/.m2/repository/com/googlecode/owasp-java-html-sanitizer/owasp-java-html-sanitizer/20160924.1/owasp-java-html-sanitizer-20160924.1.jar:/Users/melaniediannemanso/.m2/repository/org/testng/testng/7.1.0/testng-7.1.0.jar:/Users/melaniediannemanso/.m2/repository/com/beust/jcommander/1.72/jcommander-1.72.jar:/Users/melaniediannemanso/.m2/repository/com/google/inject/guice/4.1.0/guice-4.1.0-no_aop.jar:/Users/melaniediannemanso/.m2/repository/javax/inject/javax.inject/1/javax.inject-1.jar:/Users/melaniediannemanso/.m2/repository/aopalliance/aopalliance/1.0/aopalliance-1.0.jar:/Users/melaniediannemanso/.m2/repository/org/yaml/snakeyaml/1.21/snakeyaml-1.21.jar:/Users/melaniediannemanso/.m2/repository/io/github/bonigarcia/webdrivermanager/4.2.2/webdrivermanager-4.2.2.jar:/Users/melaniediannemanso/.m2/repository/org/slf4j/slf4j-api/1.7.30/slf4j-api-1.7.30.jar:/Users/melaniediannemanso/.m2/repository/org/apache/httpcomponents/client5/httpclient5/5.0.1/httpclient5-5.0.1.jar:/Users/melaniediannemanso/.m2/repository/org/apache/httpcomponents/core5/httpcore5/5.0.1/httpcore5-5.0.1.jar:/Users/melaniediannemanso/.m2/repository/org/apache/httpcomponents/core5/httpcore5-h2/5.0.1/httpcore5-h2-5.0.1.jar:/Users/melaniediannemanso/.m2/repository/commons-codec/commons-codec/1.13/commons-codec-1.13.jar:/Users/melaniediannemanso/.m2/repository/org/rauschig/jarchivelib/1.1.0/jarchivelib-1.1.0.jar:/Users/melaniediannemanso/.m2/repository/org/apache/commons/commons-compress/1.20/commons-compress-1.20.jar:/Users/melaniediannemanso/.m2/repository/com/google/guava/guava/25.0-jre/guava-25.0-jre.jar:/Users/melaniediannemanso/.m2/repository/com/google/code/findbugs/jsr305/1.3.9/jsr305-1.3.9.jar:/Users/melaniediannemanso/.m2/repository/org/checkerframework/checker-compat-qual/2.0.0/checker-compat-qual-2.0.0.jar:/Users/melaniediannemanso/.m2/repository/com/google/errorprone/error_prone_annotations/2.1.3/error_prone_annotations-2.1.3.jar:/Users/melaniediannemanso/.m2/repository/com/google/j2objc/j2objc-annotations/1.1/j2objc-annotations-1.1.jar:/Users/melaniediannemanso/.m2/repository/org/codehaus/mojo/animal-sniffer-annotations/1.14/animal-sniffer-annotations-1.14.jar:/Users/melaniediannemanso/.m2/repository/com/google/code/gson/gson/2.8.6/gson-2.8.6.jar:/Users/melaniediannemanso/.m2/repository/org/apache/logging/log4j/log4j-core/2.6/log4j-core-2.6.jar:/Users/melaniediannemanso/.m2/repository/org/apache/logging/log4j/log4j-api/2.6/log4j-api-2.6.jar:"/>
    <property name="sun.cpu.endian" value="little"/>
    <property name="user.home" value="/Users/melaniediannemanso"/>
    <property name="user.language" value="en"/>
    <property name="java.specification.vendor" value="Oracle Corporation"/>
    <property name="java.version.date" value="2019-10-15"/>
    <property name="java.home" value="/Library/Java/JavaVirtualMachines/jdk-13.0.1.jdk/Contents/Home"/>
    <property name="file.separator" value="/"/>
    <property name="basedir" value="/Users/melaniediannemanso/IdeaProjects/GoReact"/>
    <property name="java.vm.compressedOopsMode" value="Zero based"/>
    <property name="line.separator" value="&#10;"/>
    <property name="extent.reporter.html.out" value="target/surefire-reports/ExtentReport.html"/>
    <property name="java.vm.specification.vendor" value="Oracle Corporation"/>
    <property name="java.specification.name" value="Java Platform API Specification"/>
    <property name="extent.reporter.html.start" value="true"/>
    <property name="surefire.real.class.path" value="/Users/melaniediannemanso/IdeaProjects/GoReact/target/surefire/surefirebooter12232057961022485658.jar"/>
    <property name="sun.management.compiler" value="HotSpot 64-Bit Tiered Compilers"/>
    <property name="ftp.nonProxyHosts" value="local|*.local|169.254/16|*.169.254/16"/>
    <property name="java.runtime.version" value="13.0.1+9"/>
    <property name="user.name" value="melaniediannemanso"/>
    <property name="path.separator" value=":"/>
    <property name="os.version" value="10.15.7"/>
    <property name="java.runtime.name" value="Java(TM) SE Runtime Environment"/>
    <property name="file.encoding" value="US-ASCII"/>
    <property name="java.vm.name" value="Java HotSpot(TM) 64-Bit Server VM"/>
    <property name="localRepository" value="/Users/melaniediannemanso/.m2/repository"/>
    <property name="java.vendor.url.bug" value="https://bugreport.java.com/bugreport/"/>
    <property name="java.io.tmpdir" value="/var/folders/2h/bbk8ytmd2d566tj3_1brmrg00000gn/T/"/>
    <property name="idea.version" value="2020.2.3"/>
    <property name="java.version" value="13.0.1"/>
    <property name="user.dir" value="/Users/melaniediannemanso/IdeaProjects/GoReact"/>
    <property name="os.arch" value="x86_64"/>
    <property name="java.vm.specification.name" value="Java Virtual Machine Specification"/>
    <property name="java.library.path" value="/Users/melaniediannemanso/Library/Java/Extensions:/Library/Java/Extensions:/Network/Library/Java/Extensions:/System/Library/Java/Extensions:/usr/lib/java:."/>
    <property name="java.vm.info" value="mixed mode, sharing"/>
    <property name="java.vendor" value="Oracle Corporation"/>
    <property name="java.vm.version" value="13.0.1+9"/>
    <property name="sun.io.unicode.encoding" value="UnicodeBig"/>
    <property name="socksNonProxyHosts" value="local|*.local|169.254/16|*.169.254/16"/>
    <property name="java.class.version" value="57.0"/>
  </properties>
  <testcase name="runScenario" classname="TestRunner" time="5.356">
    <failure type="java.lang.NullPointerException">java.lang.NullPointerException
</failure>
  </testcase>
  <testcase name="runScenario" classname="TestRunner" time="0">
    <failure type="java.lang.NullPointerException">java.lang.NullPointerException
</failure>
  </testcase>
  <testcase name="runScenario" classname="TestRunner" time="0.001">
    <failure type="java.lang.NullPointerException">java.lang.NullPointerException
</failure>
  </testcase>
  <testcase name="runScenario" classname="TestRunner" time="0.013">
    <failure type="java.lang.NullPointerException">java.lang.NullPointerException
</failure>
  </testcase>
  <testcase name="runScenario" classname="TestRunner" time="0.001">
    <failure type="java.lang.NullPointerException">java.lang.NullPointerException
</failure>
  </testcase>
  <testcase name="runScenario" classname="TestRunner" time="0">
    <failure type="java.lang.NullPointerException">java.lang.NullPointerException
</failure>
  </testcase>
</testsuite>