<?xml version="1.0" encoding="UTF-8"?>
<!-- Generated by org.testng.reporters.JUnitReportReporter -->
<testsuite hostname="Melanies-MacBook-Pro.local" failures="0" tests="6" name="TestRunner" time="5.361" errors="6" timestamp="2020-10-12T04:21:18 PST" skipped="0">
  <testcase classname="TestRunner" name="runScenario" time="0.000">
    <error type="java.lang.NullPointerException">
      <![CDATA[java.lang.NullPointerException
at pages.BasePage.navigateToBaseUrl(BasePage.java:34)
at steps.BaseSteps.userIsOnTheBasePage(BaseSteps.java:21)
at ✽.a user is on the base page(file:src/test/java/features/Login/LoginStudent.feature:22)
]]>
    </error>
  </testcase> <!-- runScenario -->
  <system-out/>
  <testcase classname="TestRunner" name="runScenario" time="0.012">
    <error type="java.lang.NullPointerException">
      <![CDATA[java.lang.NullPointerException
at pages.BasePage.navigateToBaseUrl(BasePage.java:34)
at steps.BaseSteps.userIsOnTheBasePage(BaseSteps.java:21)
at ✽.a user is on the base page(file:src/test/java/features/Login/LoginStudent.feature:5)
]]>
    </error>
  </testcase> <!-- runScenario -->
  <system-out/>
  <testcase classname="TestRunner" name="runScenario" time="5.349">
    <error type="java.lang.NullPointerException">
      <![CDATA[java.lang.NullPointerException
at pages.BasePage.navigateToBaseUrl(BasePage.java:34)
at steps.BaseSteps.userIsOnTheBasePage(BaseSteps.java:21)
at ✽.a user is on the base page(file:src/test/java/features/Login/LoginStudent.feature:5)
]]>
    </error>
  </testcase> <!-- runScenario -->
  <system-out/>
  <testcase classname="TestRunner" name="runScenario" time="0.000">
    <error type="java.lang.NullPointerException">
      <![CDATA[java.lang.NullPointerException
at pages.BasePage.navigateToBaseUrl(BasePage.java:34)
at steps.BaseSteps.userIsOnTheBasePage(BaseSteps.java:21)
at ✽.a user is on the base page(file:src/test/java/features/Login/LoginStudent.feature:22)
]]>
    </error>
  </testcase> <!-- runScenario -->
  <system-out/>
  <testcase classname="TestRunner" name="runScenario" time="0.000">
    <error type="java.lang.NullPointerException">
      <![CDATA[java.lang.NullPointerException
at pages.BasePage.navigateToBaseUrl(BasePage.java:34)
at steps.BaseSteps.userIsOnTheBasePage(BaseSteps.java:21)
at ✽.a user is on the base page(file:src/test/java/features/Login/LoginStudent.feature:10)
]]>
    </error>
  </testcase> <!-- runScenario -->
  <system-out/>
  <testcase classname="TestRunner" name="runScenario" time="0.000">
    <error type="java.lang.NullPointerException">
      <![CDATA[java.lang.NullPointerException
at pages.BasePage.navigateToBaseUrl(BasePage.java:34)
at steps.BaseSteps.userIsOnTheBasePage(BaseSteps.java:21)
at ✽.a user is on the base page(file:src/test/java/features/Login/LoginStudent.feature:10)
]]>
    </error>
  </testcase> <!-- runScenario -->
  <system-out/>
</testsuite> <!-- TestRunner -->
